2016/08/07 03:44:34 [error] [php] Use of undefined constant h - assumed 'h' (C:\wamp\www\branusac\framework\base\CComponent.php(612) : eval()'d code:1)
Stack trace:
#0 C:\wamp\www\branusac\framework\zii\widgets\grid\CGridColumn.php(231): TbDataColumn->getDataCellContent()
#1 C:\wamp\www\branusac\framework\zii\widgets\grid\CGridColumn.php(154): TbDataColumn->renderDataCellContent()
#2 C:\wamp\www\branusac\framework\zii\widgets\grid\CGridView.php(638): TbDataColumn->renderDataCell()
#3 C:\wamp\www\branusac\framework\zii\widgets\grid\CGridView.php(622): TbGridView->renderDataCell()
#4 C:\wamp\www\branusac\framework\zii\widgets\grid\CGridView.php(578): TbGridView->renderTableRow()
#5 C:\wamp\www\branusac\framework\zii\widgets\grid\CGridView.php(488): TbGridView->renderTableBody()
#6 C:\wamp\www\branusac\framework\zii\widgets\CBaseListView.php(181): TbGridView->renderItems()
#7 unknown(0): TbGridView->renderSection()
#8 C:\wamp\www\branusac\framework\zii\widgets\CBaseListView.php(164): preg_replace_callback()
#9 C:\wamp\www\branusac\framework\zii\widgets\CBaseListView.php(149): TbGridView->renderContent()
#10 C:\wamp\www\branusac\framework\web\CBaseController.php(181): TbGridView->run()
#11 C:\wamp\www\branusac\protected\views\cliente\index.php(70): ClienteController->widget()
#12 C:\wamp\www\branusac\framework\web\CBaseController.php(126): require()
#13 C:\wamp\www\branusac\framework\web\CBaseController.php(95): ClienteController->renderInternal()
#14 C:\wamp\www\branusac\framework\web\CController.php(869): ClienteController->renderFile()
#15 C:\wamp\www\branusac\framework\web\CController.php(782): ClienteController->renderPartial()
#16 C:\wamp\www\branusac\protected\controllers\ClienteController.php(121): ClienteController->render()
#17 C:\wamp\www\branusac\framework\web\actions\CInlineAction.php(49): ClienteController->actionIndex()
#18 C:\wamp\www\branusac\framework\web\CController.php(308): CInlineAction->runWithParams()
#19 C:\wamp\www\branusac\framework\web\filters\CFilterChain.php(133): ClienteController->runAction()
#20 C:\wamp\www\branusac\framework\web\filters\CFilter.php(40): CFilterChain->run()
#21 C:\wamp\www\branusac\framework\web\CController.php(1145): CAccessControlFilter->filter()
#22 C:\wamp\www\branusac\framework\web\filters\CInlineFilter.php(58): ClienteController->filterAccessControl()
#23 C:\wamp\www\branusac\framework\web\filters\CFilterChain.php(130): CInlineFilter->filter()
#24 C:\wamp\www\branusac\framework\web\CController.php(291): CFilterChain->run()
#25 C:\wamp\www\branusac\framework\web\CController.php(265): ClienteController->runActionWithFilters()
#26 C:\wamp\www\branusac\framework\web\CWebApplication.php(282): ClienteController->run()
#27 C:\wamp\www\branusac\framework\web\CWebApplication.php(141): CWebApplication->runController()
#28 C:\wamp\www\branusac\framework\base\CApplication.php(185): CWebApplication->processRequest()
#29 C:\wamp\www\branusac\index.php(13): CWebApplication->run()
REQUEST_URI=/branusac/cliente/index.php?Cliente%5BNOMBRE%5D=h&Cliente%5BRUC%5D=&Cliente%5BDNI%5D=&ajax=cliente-grid
in C:\wamp\www\branusac\protected\views\cliente\index.php (70)
in C:\wamp\www\branusac\protected\controllers\ClienteController.php (121)
in C:\wamp\www\branusac\index.php (13)
2016/08/07 03:54:36 [error] [exception.CHttpException.404] exception 'CHttpException' with message 'No es posible resolver la solicitud "transportista/index"' in C:\wamp\www\branusac\framework\web\CWebApplication.php:286
Stack trace:
#0 C:\wamp\www\branusac\framework\web\CWebApplication.php(141): CWebApplication->runController('transportista/i...')
#1 C:\wamp\www\branusac\framework\base\CApplication.php(185): CWebApplication->processRequest()
#2 C:\wamp\www\branusac\index.php(13): CApplication->run()
#3 {main}
REQUEST_URI=/branusac/transportista/index.php
HTTP_REFERER=http://localhost/branusac/cliente/index.php
---
2016/08/07 04:03:06 [error] [exception.CException] exception 'CException' with message 'La propiedad "TbButtonColumn"."name" no se encuentra definida.' in C:\wamp\www\branusac\framework\base\CComponent.php:173
Stack trace:
#0 C:\wamp\www\branusac\framework\YiiBase.php(220): CComponent->__set('name', 'NOMBRE')
#1 C:\wamp\www\branusac\framework\zii\widgets\grid\CGridView.php(388): YiiBase::createComponent(Array, Object(TbGridView))
#2 C:\wamp\www\branusac\protected\extensions\bootstrap\widgets\TbGridView.php(125): CGridView->initColumns()
#3 C:\wamp\www\branusac\framework\zii\widgets\grid\CGridView.php(359): TbGridView->initColumns()
#4 C:\wamp\www\branusac\protected\extensions\bootstrap\widgets\TbGridView.php(68): CGridView->init()
#5 C:\wamp\www\branusac\framework\web\CBaseController.php(147): TbGridView->init()
#6 C:\wamp\www\branusac\framework\web\CBaseController.php(180): CBaseController->createWidget('ext.bootstrap.w...', Array)
#7 C:\wamp\www\branusac\protected\views\cliente\index.php(71): CBaseController->widget('ext.bootstrap.w...', Array)
#8 C:\wamp\www\branusac\framework\web\CBaseController.php(126): require('C:\\wamp\\www\\bra...')
#9 C:\wamp\www\branusac\framework\web\CBaseController.php(95): CBaseController->renderInternal('C:\\wamp\\www\\bra...', Array, true)
#10 C:\wamp\www\branusac\framework\web\CController.php(869): CBaseController->renderFile('C:\\wamp\\www\\bra...', Array, true)
#11 C:\wamp\www\branusac\framework\web\CController.php(782): CController->renderPartial('index', Array, true)
#12 C:\wamp\www\branusac\protected\controllers\ClienteController.php(121): CController->render('index', Array)
#13 C:\wamp\www\branusac\framework\web\actions\CInlineAction.php(49): ClienteController->actionIndex()
#14 C:\wamp\www\branusac\framework\web\CController.php(308): CInlineAction->runWithParams(Array)
#15 C:\wamp\www\branusac\framework\web\filters\CFilterChain.php(133): CController->runAction(Object(CInlineAction))
#16 C:\wamp\www\branusac\framework\web\filters\CFilter.php(40): CFilterChain->run()
#17 C:\wamp\www\branusac\framework\web\CController.php(1145): CFilter->filter(Object(CFilterChain))
#18 C:\wamp\www\branusac\framework\web\filters\CInlineFilter.php(58): CController->filterAccessControl(Object(CFilterChain))
#19 C:\wamp\www\branusac\framework\web\filters\CFilterChain.php(130): CInlineFilter->filter(Object(CFilterChain))
#20 C:\wamp\www\branusac\framework\web\CController.php(291): CFilterChain->run()
#21 C:\wamp\www\branusac\framework\web\CController.php(265): CController->runActionWithFilters(Object(CInlineAction), Array)
#22 C:\wamp\www\branusac\framework\web\CWebApplication.php(282): CController->run('index')
#23 C:\wamp\www\branusac\framework\web\CWebApplication.php(141): CWebApplication->runController('cliente/index')
#24 C:\wamp\www\branusac\framework\base\CApplication.php(185): CWebApplication->processRequest()
#25 C:\wamp\www\branusac\index.php(13): CApplication->run()
#26 {main}
REQUEST_URI=/branusac/cliente/index.php
HTTP_REFERER=http://localhost/branusac/
---
2016/08/07 04:03:53 [error] [exception.CHttpException.404] exception 'CHttpException' with message 'No es posible resolver la solicitud "transportista/index"' in C:\wamp\www\branusac\framework\web\CWebApplication.php:286
Stack trace:
#0 C:\wamp\www\branusac\framework\web\CWebApplication.php(141): CWebApplication->runController('transportista/i...')
#1 C:\wamp\www\branusac\framework\base\CApplication.php(185): CWebApplication->processRequest()
#2 C:\wamp\www\branusac\index.php(13): CApplication->run()
#3 {main}
REQUEST_URI=/branusac/transportista/index.php
HTTP_REFERER=http://localhost/branusac/cliente/index.php
---
2016/08/07 04:04:56 [error] [exception.CHttpException.404] exception 'CHttpException' with message 'No es posible resolver la solicitud "css/new/jqueryui.css"' in C:\wamp\www\branusac\framework\web\CWebApplication.php:286
Stack trace:
#0 C:\wamp\www\branusac\framework\web\CWebApplication.php(141): CWebApplication->runController('css/new/jqueryu...')
#1 C:\wamp\www\branusac\framework\base\CApplication.php(185): CWebApplication->processRequest()
#2 C:\wamp\www\branusac\index.php(13): CApplication->run()
#3 {main}
REQUEST_URI=/branusac/css/new/jqueryui.css
HTTP_REFERER=http://localhost/branusac/presupuesto/create.php
---
2016/08/07 04:04:56 [error] [exception.CHttpException.404] exception 'CHttpException' with message 'No es posible resolver la solicitud "css/new/jquery1103.js"' in C:\wamp\www\branusac\framework\web\CWebApplication.php:286
Stack trace:
#0 C:\wamp\www\branusac\framework\web\CWebApplication.php(141): CWebApplication->runController('css/new/jquery1...')
#1 C:\wamp\www\branusac\framework\base\CApplication.php(185): CWebApplication->processRequest()
#2 C:\wamp\www\branusac\index.php(13): CApplication->run()
#3 {main}
REQUEST_URI=/branusac/css/new/jquery1103.js
HTTP_REFERER=http://localhost/branusac/presupuesto/create.php
---
2016/08/07 04:04:56 [error] [exception.CHttpException.404] exception 'CHttpException' with message 'No es posible resolver la solicitud "css/new/jquery1103.js"' in C:\wamp\www\branusac\framework\web\CWebApplication.php:286
Stack trace:
#0 C:\wamp\www\branusac\framework\web\CWebApplication.php(141): CWebApplication->runController('css/new/jquery1...')
#1 C:\wamp\www\branusac\framework\base\CApplication.php(185): CWebApplication->processRequest()
#2 C:\wamp\www\branusac\index.php(13): CApplication->run()
#3 {main}
REQUEST_URI=/branusac/css/new/jquery1103.js
HTTP_REFERER=http://localhost/branusac/presupuesto/create.php
---
2016/08/07 04:06:18 [error] [php] Undefined variable: model (C:\wamp\www\branusac\protected\views\transportista\index.php:39)
Stack trace:
#0 C:\wamp\www\branusac\framework\web\CController.php(869): TransportistaController->renderFile()
#1 C:\wamp\www\branusac\framework\web\CController.php(782): TransportistaController->renderPartial()
#2 C:\wamp\www\branusac\protected\controllers\TransportistaController.php(117): TransportistaController->render()
#3 C:\wamp\www\branusac\framework\web\actions\CInlineAction.php(49): TransportistaController->actionIndex()
#4 C:\wamp\www\branusac\framework\web\CController.php(308): CInlineAction->runWithParams()
#5 C:\wamp\www\branusac\framework\web\filters\CFilterChain.php(133): TransportistaController->runAction()
#6 C:\wamp\www\branusac\framework\web\filters\CFilter.php(40): CFilterChain->run()
#7 C:\wamp\www\branusac\framework\web\CController.php(1145): CAccessControlFilter->filter()
#8 C:\wamp\www\branusac\framework\web\filters\CInlineFilter.php(58): TransportistaController->filterAccessControl()
#9 C:\wamp\www\branusac\framework\web\filters\CFilterChain.php(130): CInlineFilter->filter()
#10 C:\wamp\www\branusac\framework\web\CController.php(291): CFilterChain->run()
#11 C:\wamp\www\branusac\framework\web\CController.php(265): TransportistaController->runActionWithFilters()
#12 C:\wamp\www\branusac\framework\web\CWebApplication.php(282): TransportistaController->run()
#13 C:\wamp\www\branusac\framework\web\CWebApplication.php(141): CWebApplication->runController()
#14 C:\wamp\www\branusac\framework\base\CApplication.php(185): CWebApplication->processRequest()
#15 C:\wamp\www\branusac\index.php(13): CWebApplication->run()
REQUEST_URI=/branusac/transportista/index.php
in C:\wamp\www\branusac\protected\views\transportista\index.php (39)
in C:\wamp\www\branusac\protected\controllers\TransportistaController.php (117)
in C:\wamp\www\branusac\index.php (13)
2016/08/07 04:06:54 [error] [php] Undefined variable: model (C:\wamp\www\branusac\protected\views\transportista\index.php:39)
Stack trace:
#0 C:\wamp\www\branusac\framework\web\CController.php(869): TransportistaController->renderFile()
#1 C:\wamp\www\branusac\framework\web\CController.php(782): TransportistaController->renderPartial()
#2 C:\wamp\www\branusac\protected\controllers\TransportistaController.php(117): TransportistaController->render()
#3 C:\wamp\www\branusac\framework\web\actions\CInlineAction.php(49): TransportistaController->actionIndex()
#4 C:\wamp\www\branusac\framework\web\CController.php(308): CInlineAction->runWithParams()
#5 C:\wamp\www\branusac\framework\web\filters\CFilterChain.php(133): TransportistaController->runAction()
#6 C:\wamp\www\branusac\framework\web\filters\CFilter.php(40): CFilterChain->run()
#7 C:\wamp\www\branusac\framework\web\CController.php(1145): CAccessControlFilter->filter()
#8 C:\wamp\www\branusac\framework\web\filters\CInlineFilter.php(58): TransportistaController->filterAccessControl()
#9 C:\wamp\www\branusac\framework\web\filters\CFilterChain.php(130): CInlineFilter->filter()
#10 C:\wamp\www\branusac\framework\web\CController.php(291): CFilterChain->run()
#11 C:\wamp\www\branusac\framework\web\CController.php(265): TransportistaController->runActionWithFilters()
#12 C:\wamp\www\branusac\framework\web\CWebApplication.php(282): TransportistaController->run()
#13 C:\wamp\www\branusac\framework\web\CWebApplication.php(141): CWebApplication->runController()
#14 C:\wamp\www\branusac\framework\base\CApplication.php(185): CWebApplication->processRequest()
#15 C:\wamp\www\branusac\index.php(13): CWebApplication->run()
REQUEST_URI=/branusac/transportista/index.php
in C:\wamp\www\branusac\protected\views\transportista\index.php (39)
in C:\wamp\www\branusac\protected\controllers\TransportistaController.php (117)
in C:\wamp\www\branusac\index.php (13)
2016/08/07 06:05:56 [error] [exception.CHttpException.404] exception 'CHttpException' with message 'No es posible resolver la solicitud "factura/index"' in C:\wamp\www\branusac\framework\web\CWebApplication.php:286
Stack trace:
#0 C:\wamp\www\branusac\framework\web\CWebApplication.php(141): CWebApplication->runController('factura/index')
#1 C:\wamp\www\branusac\framework\base\CApplication.php(185): CWebApplication->processRequest()
#2 C:\wamp\www\branusac\index.php(13): CApplication->run()
#3 {main}
REQUEST_URI=/branusac/factura/index.php
HTTP_REFERER=http://localhost/branusac/cliente/index.php
---
2016/08/07 07:35:49 [error] [exception.CHttpException.404] exception 'CHttpException' with message 'No es posible resolver la solicitud "css/new/jqueryui.css"' in C:\wamp\www\branusac\framework\web\CWebApplication.php:286
Stack trace:
#0 C:\wamp\www\branusac\framework\web\CWebApplication.php(141): CWebApplication->runController('css/new/jqueryu...')
#1 C:\wamp\www\branusac\framework\base\CApplication.php(185): CWebApplication->processRequest()
#2 C:\wamp\www\branusac\index.php(13): CApplication->run()
#3 {main}
REQUEST_URI=/branusac/css/new/jqueryui.css
HTTP_REFERER=http://localhost/branusac/presupuesto/create.php
---
2016/08/07 07:35:49 [error] [exception.CHttpException.404] exception 'CHttpException' with message 'No es posible resolver la solicitud "css/new/jquery1103.js"' in C:\wamp\www\branusac\framework\web\CWebApplication.php:286
Stack trace:
#0 C:\wamp\www\branusac\framework\web\CWebApplication.php(141): CWebApplication->runController('css/new/jquery1...')
#1 C:\wamp\www\branusac\framework\base\CApplication.php(185): CWebApplication->processRequest()
#2 C:\wamp\www\branusac\index.php(13): CApplication->run()
#3 {main}
REQUEST_URI=/branusac/css/new/jquery1103.js
HTTP_REFERER=http://localhost/branusac/presupuesto/create.php
---
2016/08/07 07:35:49 [error] [exception.CHttpException.404] exception 'CHttpException' with message 'No es posible resolver la solicitud "css/new/jquery1103.js"' in C:\wamp\www\branusac\framework\web\CWebApplication.php:286
Stack trace:
#0 C:\wamp\www\branusac\framework\web\CWebApplication.php(141): CWebApplication->runController('css/new/jquery1...')
#1 C:\wamp\www\branusac\framework\base\CApplication.php(185): CWebApplication->processRequest()
#2 C:\wamp\www\branusac\index.php(13): CApplication->run()
#3 {main}
REQUEST_URI=/branusac/css/new/jquery1103.js
HTTP_REFERER=http://localhost/branusac/presupuesto/create.php
---
